<?xml version="1.0" encoding="UTF-8"?>
<!-- Generated by org.testng.reporters.JUnitReportReporter -->
<testsuite hostname="Divyas-MacBook-Pro.local" failures="0" tests="1" name="SDFCtestNGTest" time="3.981" errors="0" timestamp="2019-12-05T20:42:22 PST" skipped="0">
  <testcase classname="SDFCtestNGTest" name="TC02_LogintoSFDC" time="3.981"/>
</testsuite> <!-- SDFCtestNGTest -->
