<?xml version="1.0" encoding="UTF-8"?>
<!-- Generated by org.testng.reporters.JUnitReportReporter -->
<testsuite hostname="Divyas-MacBook-Pro.local" name="SDFCtestNGTest" tests="1" failures="0" timestamp="6 Dec 2019 01:20:49 GMT" time="5.013" errors="0">
  <testcase name="TC02_LogintoSFDC" time="5.013" classname="SDFCtestNGTest"/>
</testsuite> <!-- SDFCtestNGTest -->
